<?xml version="1.0" encoding="UTF-8"?>
<!-- Generated by org.testng.reporters.JUnitXMLReporter -->
<testsuite ignored="0" hostname="DESKTOP-S344IQT" failures="0" tests="3" name="Test" time="15.697" errors="0" timestamp="2022-09-01T17:02:37 IST">
  <testcase classname="sauceDemo02.TestBasePack.TC01VerifyLoginFunctionality" name="verifyLogin" time="0.01"/>
  <testcase classname="sauceDemo02.TestBasePack.TC02VerifyLogoutFuctinality" name="verifyLogOut" time="0.205"/>
  <testcase classname="sauceDemo02.TestBasePack.TC03VerifyBagProductAddToCartFunctionality" name="bagProductAddToCart" time="0.106"/>
</testsuite> <!-- Test -->
