<?xml version="1.0" encoding="UTF-8"?>
<testng-results ignored="0" total="1" passed="1" failed="0" skipped="0">
  <reporter-output>
  </reporter-output>
  <suite started-at="2022-09-05T15:29:16 IST" name="Suite" finished-at="2022-09-05T15:29:26 IST" duration-ms="9191">
    <groups>
    </groups>
    <test started-at="2022-09-05T15:29:16 IST" name="Test" finished-at="2022-09-05T15:29:26 IST" duration-ms="9191">
      <class name="sauceDemo02.TestBasePack.TC01VerifyLoginFunctionality">
        <test-method is-config="true" signature="setUp(java.lang.String)[pri:0, instance:sauceDemo02.TestBasePack.TC01VerifyLoginFunctionality@53976f5c]" started-at="2022-09-05T15:29:16 IST" name="setUp" finished-at="2022-09-05T15:29:25 IST" duration-ms="8959" status="PASS">
          <params>
            <param index="0">
              <value>
                <![CDATA[chrome]]>
              </value>
            </param>
          </params>
          <reporter-output>
          </reporter-output>
        </test-method> <!-- setUp -->
        <test-method signature="verifyLogin()[pri:0, instance:sauceDemo02.TestBasePack.TC01VerifyLoginFunctionality@53976f5c]" started-at="2022-09-05T15:29:25 IST" name="verifyLogin" finished-at="2022-09-05T15:29:25 IST" duration-ms="11" status="PASS">
          <reporter-output>
          </reporter-output>
        </test-method> <!-- verifyLogin -->
        <test-method is-config="true" signature="tearDown()[pri:0, instance:sauceDemo02.TestBasePack.TC01VerifyLoginFunctionality@53976f5c]" started-at="2022-09-05T15:29:25 IST" name="tearDown" finished-at="2022-09-05T15:29:26 IST" duration-ms="193" status="PASS">
          <reporter-output>
          </reporter-output>
        </test-method> <!-- tearDown -->
      </class> <!-- sauceDemo02.TestBasePack.TC01VerifyLoginFunctionality -->
    </test> <!-- Test -->
  </suite> <!-- Suite -->
</testng-results>
